Exporter version: 2.80.0, Blender version: 2.91.0
========= Conversion from Blender to Babylon.js =========
	Scene settings used :
		Inline textures     :  false
		Material Type       :  PBR
		Positions Precision :  4
		Normals Precision   :  3
		UVs Precision       :  3
		Vert Color Precision:  3
		Mat Weight Precision:  2
		Keep Z-up r-handed  :  no
		Texture directory   :  C:\Users\e7240\Documents\dev\projects\personal\chess\Chessboard\
	Python World class constructor completed
	processing begun of mesh:  Table
		processing begun of material:  Table
		num positions      :  4
		num normals        :  4
		num tangents       :  0
		num uvs            :  8
		num uvs2           :  0
		num colors         :  0
		num triangles      :  2
	processing begun of mesh:  Light Bishop 1
		WARNING: No materials have been assigned: 
		num positions      :  3138
		num normals        :  3138
		num tangents       :  0
		num uvs            :  0
		num uvs2           :  0
		num colors         :  0
		num triangles      :  6268
		WARNING: # of 0 area faces found:  62
	processing begun of mesh:  Light Bishop 2
		WARNING: No materials have been assigned: 
		num positions      :  3138
		num normals        :  3138
		num tangents       :  0
		num uvs            :  0
		num uvs2           :  0
		num colors         :  0
		num triangles      :  6268
		WARNING: # of 0 area faces found:  62
	processing begun of mesh:  Light Pawn 7
		WARNING: No materials have been assigned: 
		num positions      :  2018
		num normals        :  2018
		num tangents       :  0
		num uvs            :  0
		num uvs2           :  0
		num colors         :  0
		num triangles      :  4028
	processing begun of mesh:  Light Pawn 6
		WARNING: No materials have been assigned: 
		num positions      :  2018
		num normals        :  2018
		num tangents       :  0
		num uvs            :  0
		num uvs2           :  0
		num colors         :  0
		num triangles      :  4028
	processing begun of mesh:  Light Pawn 5
		WARNING: No materials have been assigned: 
		num positions      :  2018
		num normals        :  2018
		num tangents       :  0
		num uvs            :  0
		num uvs2           :  0
		num colors         :  0
		num triangles      :  4028
	processing begun of mesh:  Light Pawn 4
		WARNING: No materials have been assigned: 
		num positions      :  2018
		num normals        :  2018
		num tangents       :  0
		num uvs            :  0
		num uvs2           :  0
		num colors         :  0
		num triangles      :  4028
	processing begun of mesh:  Light Pawn 3
		WARNING: No materials have been assigned: 
		num positions      :  2018
		num normals        :  2018
		num tangents       :  0
		num uvs            :  0
		num uvs2           :  0
		num colors         :  0
		num triangles      :  4028
	processing begun of mesh:  Light Pawn 2
		WARNING: No materials have been assigned: 
		num positions      :  2018
		num normals        :  2018
		num tangents       :  0
		num uvs            :  0
		num uvs2           :  0
		num colors         :  0
		num triangles      :  4028
	processing begun of mesh:  Light Pawn 1
		WARNING: No materials have been assigned: 
		num positions      :  2018
		num normals        :  2018
		num tangents       :  0
		num uvs            :  0
		num uvs2           :  0
		num colors         :  0
		num triangles      :  4028
	processing begun of mesh:  Light Pawn 8
		WARNING: No materials have been assigned: 
		num positions      :  2018
		num normals        :  2018
		num tangents       :  0
		num uvs            :  0
		num uvs2           :  0
		num colors         :  0
		num triangles      :  4028
	processing begun of mesh:  Light Queen
		WARNING: No materials have been assigned: 
		num positions      :  10694
		num normals        :  10694
		num tangents       :  0
		num uvs            :  0
		num uvs2           :  0
		num colors         :  0
		num triangles      :  21380
	processing begun of mesh:  Light Rook 2
		WARNING: No materials have been assigned: 
		num positions      :  2848
		num normals        :  2848
		num tangents       :  0
		num uvs            :  0
		num uvs2           :  0
		num colors         :  0
		num triangles      :  5692
	processing begun of mesh:  Light Rook 1
		WARNING: No materials have been assigned: 
		num positions      :  2848
		num normals        :  2848
		num tangents       :  0
		num uvs            :  0
		num uvs2           :  0
		num colors         :  0
		num triangles      :  5692
	processing begun of mesh:  Light Knight 1
		WARNING: No materials have been assigned: 
		num positions      :  3080
		num normals        :  3080
		num tangents       :  0
		num uvs            :  0
		num uvs2           :  0
		num colors         :  0
		num triangles      :  6214
	processing begun of mesh:  Light Knight 2
		WARNING: No materials have been assigned: 
		num positions      :  3080
		num normals        :  3080
		num tangents       :  0
		num uvs            :  0
		num uvs2           :  0
		num colors         :  0
		num triangles      :  6214
	processing begun of mesh:  Light King
		WARNING: No materials have been assigned: 
		num positions      :  3637
		num normals        :  3637
		num tangents       :  0
		num uvs            :  7274
		num uvs2           :  0
		num colors         :  0
		num triangles      :  7262
		WARNING: # of 0 area faces found:  16
	processing begun of mesh:  Dark Bishop 2
		WARNING: No materials have been assigned: 
		num positions      :  5135
		num normals        :  5135
		num tangents       :  0
		num uvs            :  10270
		num uvs2           :  0
		num colors         :  0
		num triangles      :  6268
		WARNING: # of 0 area faces found:  62
	processing begun of mesh:  Dark Pawn 8
		WARNING: No materials have been assigned: 
		num positions      :  2018
		num normals        :  2018
		num tangents       :  0
		num uvs            :  0
		num uvs2           :  0
		num colors         :  0
		num triangles      :  4028
	processing begun of mesh:  Dark Pawn 7
		WARNING: No materials have been assigned: 
		num positions      :  2018
		num normals        :  2018
		num tangents       :  0
		num uvs            :  0
		num uvs2           :  0
		num colors         :  0
		num triangles      :  4028
	processing begun of mesh:  Dark Pawn 6
		WARNING: No materials have been assigned: 
		num positions      :  2018
		num normals        :  2018
		num tangents       :  0
		num uvs            :  0
		num uvs2           :  0
		num colors         :  0
		num triangles      :  4028
	processing begun of mesh:  Dark Pawn 5
		WARNING: No materials have been assigned: 
		num positions      :  2018
		num normals        :  2018
		num tangents       :  0
		num uvs            :  0
		num uvs2           :  0
		num colors         :  0
		num triangles      :  4028
	processing begun of mesh:  Dark Pawn 4
		WARNING: No materials have been assigned: 
		num positions      :  2018
		num normals        :  2018
		num tangents       :  0
		num uvs            :  0
		num uvs2           :  0
		num colors         :  0
		num triangles      :  4028
	processing begun of mesh:  Dark Pawn 3
		WARNING: No materials have been assigned: 
		num positions      :  2018
		num normals        :  2018
		num tangents       :  0
		num uvs            :  0
		num uvs2           :  0
		num colors         :  0
		num triangles      :  4028
	processing begun of mesh:  Dark Pawn 2
		WARNING: No materials have been assigned: 
		num positions      :  2018
		num normals        :  2018
		num tangents       :  0
		num uvs            :  0
		num uvs2           :  0
		num colors         :  0
		num triangles      :  4028
	processing begun of mesh:  Dark Pawn 1
		WARNING: No materials have been assigned: 
		num positions      :  2018
		num normals        :  2018
		num tangents       :  0
		num uvs            :  0
		num uvs2           :  0
		num colors         :  0
		num triangles      :  4028
	processing begun of mesh:  Dark Queen
		WARNING: No materials have been assigned: 
		num positions      :  10694
		num normals        :  10694
		num tangents       :  0
		num uvs            :  0
		num uvs2           :  0
		num colors         :  0
		num triangles      :  21380
	processing begun of mesh:  Dark Rook 2
		WARNING: No materials have been assigned: 
		num positions      :  2848
		num normals        :  2848
		num tangents       :  0
		num uvs            :  0
		num uvs2           :  0
		num colors         :  0
		num triangles      :  5692
	processing begun of mesh:  Dark Rook 1
		WARNING: No materials have been assigned: 
		num positions      :  2848
		num normals        :  2848
		num tangents       :  0
		num uvs            :  0
		num uvs2           :  0
		num colors         :  0
		num triangles      :  5692
	processing begun of mesh:  Dark Knight 2
		WARNING: No materials have been assigned: 
		num positions      :  3080
		num normals        :  3080
		num tangents       :  0
		num uvs            :  0
		num uvs2           :  0
		num colors         :  0
		num triangles      :  6214
	processing begun of mesh:  Dark Knight 1
		WARNING: No materials have been assigned: 
		num positions      :  3080
		num normals        :  3080
		num tangents       :  0
		num uvs            :  0
		num uvs2           :  0
		num colors         :  0
		num triangles      :  6214
	processing begun of mesh:  Dark King
		WARNING: No materials have been assigned: 
		num positions      :  3637
		num normals        :  3637
		num tangents       :  0
		num uvs            :  0
		num uvs2           :  0
		num colors         :  0
		num triangles      :  7262
		WARNING: # of 0 area faces found:  16
	processing begun of camera (UniversalCamera):  Camera
	processing begun of light (DIRECTIONAL):  Sun
========= Writing of JSON file started =========
	writing mesh:  Table
	writing mesh:  Light Bishop 1
	writing mesh:  Light Bishop 2
	writing mesh:  Light Pawn 7
	writing mesh:  Light Pawn 6
	writing mesh:  Light Pawn 5
	writing mesh:  Light Pawn 4
	writing mesh:  Light Pawn 3
	writing mesh:  Light Pawn 2
	writing mesh:  Light Pawn 1
	writing mesh:  Light Pawn 8
	writing mesh:  Light Queen
	writing mesh:  Light Rook 2
	writing mesh:  Light Rook 1
	writing mesh:  Light Knight 1
	writing mesh:  Light Knight 2
	writing mesh:  Light King
	writing mesh:  Dark Bishop 2
	writing mesh:  Dark Pawn 8
	writing mesh:  Dark Pawn 7
	writing mesh:  Dark Pawn 6
	writing mesh:  Dark Pawn 5
	writing mesh:  Dark Pawn 4
	writing mesh:  Dark Pawn 3
	writing mesh:  Dark Pawn 2
	writing mesh:  Dark Pawn 1
	writing mesh:  Dark Queen
	writing mesh:  Dark Rook 2
	writing mesh:  Dark Rook 1
	writing mesh:  Dark Knight 2
	writing mesh:  Dark Knight 1
	writing mesh:  Dark King
========= Writing of JSON file completed =========
========= end of processing =========
elapsed time:  0 min, 41.5609 secs
